# JRE version: OpenJDK Runtime Environment (14.0.1+7) (build 14.0.1+7)
# Java VM: OpenJDK 64-Bit Server VM (14.0.1+7, mixed mode, sharing, tiered, compressed oops, g1 gc, bsd-amd64)
Heap:
 garbage-first heap   total 51200K, used 28414K [0x0000000780000000, 0x0000000800000000)
  region size 1024K, 14 young (14336K), 4 survivors (4096K)
 Metaspace       used 27842K, capacity 28686K, committed 29056K, reserved 1075200K
  class space    used 3822K, capacity 4145K, committed 4224K, reserved 1048576K
GC Heap History (20 events):
Event: 19.320 GC heap before
{Heap before GC invocations=7 (full 0):
 garbage-first heap   total 51200K, used 37320K [0x0000000780000000, 0x0000000800000000)
  region size 1024K, 30 young (30720K), 5 survivors (5120K)
 Metaspace       used 22455K, capacity 23228K, committed 23296K, reserved 1069056K
  class space    used 3006K, capacity 3304K, committed 3328K, reserved 1048576K
}
Event: 19.333 GC heap after
{Heap after GC invocations=8 (full 0):
 garbage-first heap   total 51200K, used 13790K [0x0000000780000000, 0x0000000800000000)
  region size 1024K, 2 young (2048K), 2 survivors (2048K)
 Metaspace       used 22455K, capacity 23228K, committed 23296K, reserved 1069056K
  class space    used 3006K, capacity 3304K, committed 3328K, reserved 1048576K
}
Event: 20.324 GC heap before
{Heap before GC invocations=8 (full 0):
 garbage-first heap   total 51200K, used 37342K [0x0000000780000000, 0x0000000800000000)
  region size 1024K, 25 young (25600K), 2 survivors (2048K)
 Metaspace       used 22916K, capacity 23725K, committed 23936K, reserved 1069056K
  class space    used 3081K, capacity 3383K, committed 3456K, reserved 1048576K
}
Event: 20.330 GC heap after
{Heap after GC invocations=9 (full 0):
 garbage-first heap   total 51200K, used 14542K [0x0000000780000000, 0x0000000800000000)
  region size 1024K, 3 young (3072K), 3 survivors (3072K)
 Metaspace       used 22916K, capacity 23725K, committed 23936K, reserved 1069056K
  class space    used 3081K, capacity 3383K, committed 3456K, reserved 1048576K
}
Event: 21.440 GC heap before
{Heap before GC invocations=9 (full 0):
 garbage-first heap   total 51200K, used 38094K [0x0000000780000000, 0x0000000800000000)
  region size 1024K, 26 young (26624K), 3 survivors (3072K)
 Metaspace       used 23061K, capacity 23842K, committed 23936K, reserved 1069056K
  class space    used 3102K, capacity 3419K, committed 3456K, reserved 1048576K
}
Event: 21.445 GC heap after
{Heap after GC invocations=10 (full 0):
 garbage-first heap   total 51200K, used 14923K [0x0000000780000000, 0x0000000800000000)
  region size 1024K, 3 young (3072K), 3 survivors (3072K)
 Metaspace       used 23061K, capacity 23842K, committed 23936K, reserved 1069056K
  class space    used 3102K, capacity 3419K, committed 3456K, reserved 1048576K
}
Event: 22.633 GC heap before
{Heap before GC invocations=10 (full 0):
 garbage-first heap   total 51200K, used 38475K [0x0000000780000000, 0x0000000800000000)
  region size 1024K, 26 young (26624K), 3 survivors (3072K)
 Metaspace       used 23201K, capacity 24029K, committed 24320K, reserved 1071104K
  class space    used 3125K, capacity 3457K, committed 3584K, reserved 1048576K
}
Event: 22.639 GC heap after
{Heap after GC invocations=11 (full 0):
 garbage-first heap   total 51200K, used 15498K [0x0000000780000000, 0x0000000800000000)
  region size 1024K, 2 young (2048K), 2 survivors (2048K)
 Metaspace       used 23201K, capacity 24029K, committed 24320K, reserved 1071104K
  class space    used 3125K, capacity 3457K, committed 3584K, reserved 1048576K
}
Event: 23.572 GC heap before
{Heap before GC invocations=11 (full 0):
 garbage-first heap   total 51200K, used 39050K [0x0000000780000000, 0x0000000800000000)
  region size 1024K, 26 young (26624K), 2 survivors (2048K)
 Metaspace       used 23356K, capacity 24204K, committed 24576K, reserved 1071104K
  class space    used 3156K, capacity 3472K, committed 3584K, reserved 1048576K
}
Event: 23.577 GC heap after
{Heap after GC invocations=12 (full 0):
 garbage-first heap   total 51200K, used 15976K [0x0000000780000000, 0x0000000800000000)
  region size 1024K, 3 young (3072K), 3 survivors (3072K)
 Metaspace       used 23356K, capacity 24204K, committed 24576K, reserved 1071104K
  class space    used 3156K, capacity 3472K, committed 3584K, reserved 1048576K
}
Event: 23.911 GC heap before
{Heap before GC invocations=12 (full 0):
 garbage-first heap   total 51200K, used 39528K [0x0000000780000000, 0x0000000800000000)
  region size 1024K, 26 young (26624K), 3 survivors (3072K)
 Metaspace       used 23466K, capacity 24306K, committed 24576K, reserved 1071104K
  class space    used 3176K, capacity 3505K, committed 3584K, reserved 1048576K
}
Event: 23.916 GC heap after
{Heap after GC invocations=13 (full 0):
 garbage-first heap   total 51200K, used 16080K [0x0000000780000000, 0x0000000800000000)
  region size 1024K, 2 young (2048K), 2 survivors (2048K)
 Metaspace       used 23466K, capacity 24306K, committed 24576K, reserved 1071104K
  class space    used 3176K, capacity 3505K, committed 3584K, reserved 1048576K
}
Event: 25.095 GC heap before
{Heap before GC invocations=13 (full 0):
 garbage-first heap   total 51200K, used 39632K [0x0000000780000000, 0x0000000800000000)
  region size 1024K, 26 young (26624K), 2 survivors (2048K)
 Metaspace       used 23488K, capacity 24306K, committed 24576K, reserved 1071104K
  class space    used 3184K, capacity 3505K, committed 3584K, reserved 1048576K
}
Event: 25.099 GC heap after
{Heap after GC invocations=14 (full 0):
 garbage-first heap   total 51200K, used 16793K [0x0000000780000000, 0x0000000800000000)
  region size 1024K, 3 young (3072K), 3 survivors (3072K)
 Metaspace       used 23488K, capacity 24306K, committed 24576K, reserved 1071104K
  class space    used 3184K, capacity 3505K, committed 3584K, reserved 1048576K
}
Event: 26.180 GC heap before
{Heap before GC invocations=14 (full 0):
 garbage-first heap   total 51200K, used 40345K [0x0000000780000000, 0x0000000800000000)
  region size 1024K, 26 young (26624K), 3 survivors (3072K)
 Metaspace       used 23944K, capacity 24792K, committed 25088K, reserved 1071104K
  class space    used 3230K, capacity 3538K, committed 3584K, reserved 1048576K
}
Event: 26.185 GC heap after
{Heap after GC invocations=15 (full 0):
 garbage-first heap   total 51200K, used 17191K [0x0000000780000000, 0x0000000800000000)
  region size 1024K, 3 young (3072K), 3 survivors (3072K)
 Metaspace       used 23944K, capacity 24792K, committed 25088K, reserved 1071104K
  class space    used 3230K, capacity 3538K, committed 3584K, reserved 1048576K
}
Event: 27.676 GC heap before
{Heap before GC invocations=15 (full 0):
 garbage-first heap   total 51200K, used 39719K [0x0000000780000000, 0x0000000800000000)
  region size 1024K, 26 young (26624K), 3 survivors (3072K)
 Metaspace       used 25578K, capacity 26468K, committed 26624K, reserved 1073152K
  class space    used 3473K, capacity 3813K, committed 3840K, reserved 1048576K
}
Event: 27.682 GC heap after
{Heap after GC invocations=16 (full 0):
 garbage-first heap   total 51200K, used 18205K [0x0000000780000000, 0x0000000800000000)
  region size 1024K, 3 young (3072K), 3 survivors (3072K)
 Metaspace       used 25578K, capacity 26468K, committed 26624K, reserved 1073152K
  class space    used 3473K, capacity 3813K, committed 3840K, reserved 1048576K
}
Event: 29.118 GC heap before
{Heap before GC invocations=16 (full 0):
 garbage-first heap   total 51200K, used 40733K [0x0000000780000000, 0x0000000800000000)
  region size 1024K, 25 young (25600K), 3 survivors (3072K)
 Metaspace       used 26761K, capacity 27659K, committed 27904K, reserved 1073152K
  class space    used 3675K, capacity 4016K, committed 4096K, reserved 1048576K
}
Event: 29.124 GC heap after
{Heap after GC invocations=17 (full 0):
 garbage-first heap   total 51200K, used 19198K [0x0000000780000000, 0x0000000800000000)
  region size 1024K, 4 young (4096K), 4 survivors (4096K)
 Metaspace       used 26761K, capacity 27659K, committed 27904K, reserved 1073152K
  class space    used 3675K, capacity 4016K, committed 4096K, reserved 1048576K
}

